#################################################################
# If you used AutoDock Vina in your work, please cite:          #
#                                                               #
# O. Trott, A. J. Olson,                                        #
# AutoDock Vina: improving the speed and accuracy of docking    #
# with a new scoring function, efficient optimization and       #
# multithreading, Journal of Computational Chemistry 31 (2010)  #
# 455-461                                                       #
#                                                               #
# DOI 10.1002/jcc.21334                                         #
#                                                               #
# Please see http://vina.scripps.edu for more information.      #
#################################################################

Detected 16 CPUs
WARNING: at low exhaustiveness, it may be impossible to utilize all CPUs
Reading input ... done.
Setting up the scoring function ... done.
Analyzing the binding site ... done.
Using random seed: 772284176
Performing search ... done.
Refining results ... done.

mode |   affinity | dist from best mode
     | (kcal/mol) | rmsd l.b.| rmsd u.b.
-----+------------+----------+----------
   1         -8.6      0.000      0.000
   2         -8.5      5.322     12.532
   3         -8.2      6.495     10.866
   4         -7.9      9.033     11.336
   5         -7.5      8.062     11.012
   6         -7.4      8.935     11.884
   7         -6.8      8.896     12.384
   8         -6.7      8.274     11.570
   9         -6.7     10.697     14.773
  10         -6.6      9.077     11.375
  11         -6.6      8.994     11.384
  12         -6.5      6.035     10.584
  13         -6.5      8.610     12.425
  14         -6.5      9.192     13.049
  15         -6.5      6.384     13.090
  16         -6.4      9.827     11.671
  17         -6.3      9.035     12.774
  18         -6.1      9.800     12.346
  19         -6.0      9.754     12.693
  20         -5.9      9.277     12.457
Writing output ... done.
